#
# There is insufficient memory for the Java Runtime Environment to continue.
# Native memory allocation (malloc) failed to allocate 377536 bytes for Chunk::new
# Possible reasons:
#   The system is out of physical RAM or swap space
#   The process is running with CompressedOops enabled, and the Java Heap may be blocking the growth of the native heap
# Possible solutions:
#   Reduce memory load on the system
#   Increase physical memory or swap space
#   Check if swap backing store is full
#   Decrease Java heap size (-Xmx/-Xms)
#   Decrease number of Java threads
#   Decrease Java thread stack sizes (-Xss)
#   Set larger code cache with -XX:ReservedCodeCacheSize=
#   JVM is running with Unscaled Compressed Oops mode in which the Java heap is
#     placed in the first 4GB address space. The Java Heap base address is the
#     maximum limit for the native heap growth. Please use -XX:HeapBaseMinAddress
#     to set the Java Heap base and to place the Java Heap above 4GB virtual address.
# This output file may be truncated or incomplete.
#
#  Out of Memory Error (arena.cpp:191), pid=3420, tid=20892
#
# JRE version: OpenJDK Runtime Environment Microsoft-8902769 (17.0.10+7) (build 17.0.10+7-LTS)
# Java VM: OpenJDK 64-Bit Server VM Microsoft-8902769 (17.0.10+7-LTS, mixed mode, sharing, tiered, compressed oops, compressed class ptrs, g1 gc, windows-amd64)
# No core dump will be written. Minidumps are not enabled by default on client versions of Windows
#

---------------  S U M M A R Y ------------

Command Line: -XX:MaxMetaspaceSize=512m --add-opens=java.base/java.util=ALL-UNNAMED --add-opens=java.base/java.lang=ALL-UNNAMED --add-opens=java.base/java.lang.invoke=ALL-UNNAMED --add-opens=java.base/java.util=ALL-UNNAMED --add-opens=java.prefs/java.util.prefs=ALL-UNNAMED --add-opens=java.prefs/java.util.prefs=ALL-UNNAMED --add-opens=java.base/java.nio.charset=ALL-UNNAMED --add-opens=java.base/java.net=ALL-UNNAMED --add-opens=java.base/java.util.concurrent.atomic=ALL-UNNAMED -Xmx2048m -Dfile.encoding=windows-1252 -Duser.country=IN -Duser.language=en -Duser.variant org.gradle.launcher.daemon.bootstrap.GradleDaemon 7.5.1

Host: AMD Ryzen 5 5500U with Radeon Graphics         , 12 cores, 5G,  Windows 11 , 64 bit Build 22621 (10.0.22621.3672)
Time: Sat Jul 27 16:22:24 2024 India Standard Time elapsed time: 12.733853 seconds (0d 0h 0m 12s)

---------------  T H R E A D  ---------------

Current thread (0x000001eb2db5a3d0):  JavaThread "C2 CompilerThread0" daemon [_thread_in_native, id=20892, stack(0x00000045a3a00000,0x00000045a3b00000)]


Current CompileTask:
C2:  12734 1817       4       org.gradle.internal.logging.text.AbstractLineChoppingStyledTextOutput::doAppend (43 bytes)

Stack: [0x00000045a3a00000,0x00000045a3b00000]
Native frames: (J=compiled Java code, j=interpreted, Vv=VM code, C=native code)
V  [jvm.dll+0x67f829]
V  [jvm.dll+0x83750a]
V  [jvm.dll+0x838fce]
V  [jvm.dll+0x839633]
V  [jvm.dll+0x247cbf]
V  [jvm.dll+0xac524]
V  [jvm.dll+0xacb6c]
V  [jvm.dll+0x368cf7]
V  [jvm.dll+0x1bd1c2]
V  [jvm.dll+0x21a559]
V  [jvm.dll+0x219821]
V  [jvm.dll+0x1a5176]
V  [jvm.dll+0x22957e]
V  [jvm.dll+0x22774c]
V  [jvm.dll+0x7ec5d7]
V  [jvm.dll+0x7e69da]
V  [jvm.dll+0x67e715]
C  [ucrtbase.dll+0x29333]
C  [KERNEL32.DLL+0x1257d]
C  [ntdll.dll+0x5af28]


---------------  P R O C E S S  ---------------

Threads class SMR info:
_java_thread_list=0x000001eb4e9633b0, length=22, elements={
0x000001eb0f2c0f10, 0x000001eb2db2c740, 0x000001eb2db2d5c0, 0x000001eb2db471b0,
0x000001eb2db47e30, 0x000001eb2db49800, 0x000001eb2db596e0, 0x000001eb2db5a3d0,
0x000001eb2db5add0, 0x000001eb2db5ced0, 0x000001eb2e614170, 0x000001eb2e618c90,
0x000001eb2e584e40, 0x000001eb2e7150b0, 0x000001eb4f1d8020, 0x000001eb4eb4c610,
0x000001eb4eb4eb90, 0x000001eb4eec2bf0, 0x000001eb4eec0d90, 0x000001eb4eec3100,
0x000001eb4eec3b20, 0x000001eb4eec3610
}

Java Threads: ( => current thread )
  0x000001eb0f2c0f10 JavaThread "main" [_thread_blocked, id=14496, stack(0x00000045a2d00000,0x00000045a2e00000)]
  0x000001eb2db2c740 JavaThread "Reference Handler" daemon [_thread_blocked, id=20252, stack(0x00000045a3400000,0x00000045a3500000)]
  0x000001eb2db2d5c0 JavaThread "Finalizer" daemon [_thread_blocked, id=12116, stack(0x00000045a3500000,0x00000045a3600000)]
  0x000001eb2db471b0 JavaThread "Signal Dispatcher" daemon [_thread_blocked, id=1700, stack(0x00000045a3600000,0x00000045a3700000)]
  0x000001eb2db47e30 JavaThread "Attach Listener" daemon [_thread_blocked, id=11272, stack(0x00000045a3700000,0x00000045a3800000)]
  0x000001eb2db49800 JavaThread "Service Thread" daemon [_thread_blocked, id=7704, stack(0x00000045a3800000,0x00000045a3900000)]
  0x000001eb2db596e0 JavaThread "Monitor Deflation Thread" daemon [_thread_blocked, id=760, stack(0x00000045a3900000,0x00000045a3a00000)]
=>0x000001eb2db5a3d0 JavaThread "C2 CompilerThread0" daemon [_thread_in_native, id=20892, stack(0x00000045a3a00000,0x00000045a3b00000)]
  0x000001eb2db5add0 JavaThread "C1 CompilerThread0" daemon [_thread_blocked, id=19344, stack(0x00000045a3b00000,0x00000045a3c00000)]
  0x000001eb2db5ced0 JavaThread "Sweeper thread" daemon [_thread_blocked, id=18068, stack(0x00000045a3c00000,0x00000045a3d00000)]
  0x000001eb2e614170 JavaThread "Common-Cleaner" daemon [_thread_blocked, id=21192, stack(0x00000045a3d00000,0x00000045a3e00000)]
  0x000001eb2e618c90 JavaThread "Notification Thread" daemon [_thread_blocked, id=11136, stack(0x00000045a3e00000,0x00000045a3f00000)]
  0x000001eb2e584e40 JavaThread "Daemon health stats" [_thread_blocked, id=6236, stack(0x00000045a4400000,0x00000045a4500000)]
  0x000001eb2e7150b0 JavaThread "Incoming local TCP Connector on port 62837" [_thread_in_native, id=20948, stack(0x00000045a4500000,0x00000045a4600000)]
  0x000001eb4f1d8020 JavaThread "Daemon periodic checks" [_thread_blocked, id=13232, stack(0x00000045a4600000,0x00000045a4700000)]
  0x000001eb4eb4c610 JavaThread "Daemon" [_thread_blocked, id=17632, stack(0x00000045a4c00000,0x00000045a4d00000)]
  0x000001eb4eb4eb90 JavaThread "Handler for socket connection from /127.0.0.1:62837 to /127.0.0.1:62839" [_thread_in_native, id=17796, stack(0x00000045a4d00000,0x00000045a4e00000)]
  0x000001eb4eec2bf0 JavaThread "Cancel handler" [_thread_blocked, id=19964, stack(0x00000045a4e00000,0x00000045a4f00000)]
  0x000001eb4eec0d90 JavaThread "Daemon worker" [_thread_in_vm, id=13696, stack(0x00000045a4f00000,0x00000045a5000000)]
  0x000001eb4eec3100 JavaThread "Asynchronous log dispatcher for DefaultDaemonConnection: socket connection from /127.0.0.1:62837 to /127.0.0.1:62839" [_thread_blocked, id=10604, stack(0x00000045a5000000,0x00000045a5100000)]
  0x000001eb4eec3b20 JavaThread "Stdin handler" [_thread_blocked, id=13684, stack(0x00000045a5100000,0x00000045a5200000)]
  0x000001eb4eec3610 JavaThread "Daemon client event forwarder" [_thread_blocked, id=13440, stack(0x00000045a5200000,0x00000045a5300000)]

Other Threads:
  0x000001eb2db24750 VMThread "VM Thread" [stack: 0x00000045a3300000,0x00000045a3400000] [id=14288]
  0x000001eb2e61bcb0 WatcherThread [stack: 0x00000045a3f00000,0x00000045a4000000] [id=5280]
  0x000001eb0f31e1b0 GCTaskThread "GC Thread#0" [stack: 0x00000045a2e00000,0x00000045a2f00000] [id=20548]
  0x000001eb4e67dce0 GCTaskThread "GC Thread#1" [stack: 0x00000045a4000000,0x00000045a4100000] [id=16696]
  0x000001eb4f025730 GCTaskThread "GC Thread#2" [stack: 0x00000045a4100000,0x00000045a4200000] [id=2324]
  0x000001eb4edd5d20 GCTaskThread "GC Thread#3" [stack: 0x00000045a4200000,0x00000045a4300000] [id=17184]
  0x000001eb4ebe4ed0 GCTaskThread "GC Thread#4" [stack: 0x00000045a4300000,0x00000045a4400000] [id=17036]
  0x000001eb2e7004f0 GCTaskThread "GC Thread#5" [stack: 0x00000045a4700000,0x00000045a4800000] [id=14916]
  0x000001eb2e715920 GCTaskThread "GC Thread#6" [stack: 0x00000045a4800000,0x00000045a4900000] [id=12516]
  0x000001eb4e7f7ac0 GCTaskThread "GC Thread#7" [stack: 0x00000045a4900000,0x00000045a4a00000] [id=12048]
  0x000001eb2e576540 GCTaskThread "GC Thread#8" [stack: 0x00000045a4a00000,0x00000045a4b00000] [id=17152]
  0x000001eb4eb7f2c0 GCTaskThread "GC Thread#9" [stack: 0x00000045a4b00000,0x00000045a4c00000] [id=16760]
  0x000001eb0f32f1d0 ConcurrentGCThread "G1 Main Marker" [stack: 0x00000045a2f00000,0x00000045a3000000] [id=12896]
  0x000001eb0f330760 ConcurrentGCThread "G1 Conc#0" [stack: 0x00000045a3000000,0x00000045a3100000] [id=3280]
  0x000001eb0f33ecc0 ConcurrentGCThread "G1 Refine#0" [stack: 0x00000045a3100000,0x00000045a3200000] [id=12584]
  0x000001eb2d9e4e00 ConcurrentGCThread "G1 Service" [stack: 0x00000045a3200000,0x00000045a3300000] [id=21148]

Threads with active compile tasks:
C2 CompilerThread0    13258 1817       4       org.gradle.internal.logging.text.AbstractLineChoppingStyledTextOutput::doAppend (43 bytes)

VM state: not at safepoint (normal execution)

VM Mutex/Monitor currently owned by a thread: None

Heap address: 0x0000000080000000, size: 2048 MB, Compressed Oops mode: 32-bit

CDS archive(s) mapped at: [0x000001eb2f000000-0x000001eb2fbb0000-0x000001eb2fbb0000), size 12255232, SharedBaseAddress: 0x000001eb2f000000, ArchiveRelocationMode: 1.
Compressed class space mapped at: 0x000001eb30000000-0x000001eb4a000000, reserved size: 436207616
Narrow klass base: 0x000001eb2f000000, Narrow klass shift: 0, Narrow klass range: 0x100000000

GC Precious Log:
 CPUs: 12 total, 12 available
 Memory: 5989M
 Large Page Support: Disabled
 NUMA Support: Disabled
 Compressed Oops: Enabled (32-bit)
 Heap Region Size: 1M
 Heap Min Capacity: 8M
 Heap Initial Capacity: 94M
 Heap Max Capacity: 2G
 Pre-touch: Disabled
 Parallel Workers: 10
 Concurrent Workers: 3
 Concurrent Refinement Workers: 10
 Periodic GC: Disabled

Heap:
 garbage-first heap   total 96256K, used 23236K [0x0000000080000000, 0x0000000100000000)
  region size 1024K, 13 young (13312K), 5 survivors (5120K)
 Metaspace       used 9739K, committed 9920K, reserved 491520K
  class space    used 1350K, committed 1472K, reserved 425984K

Heap Regions: E=young(eden), S=young(survivor), O=old, HS=humongous(starts), HC=humongous(continues), CS=collection set, F=free, OA=open archive, CA=closed archive, TAMS=top-at-mark-start (previous, next)
|   0|0x0000000080000000, 0x0000000080100000, 0x0000000080100000|100%| O|  |TAMS 0x0000000080000000, 0x0000000080000000| Untracked 
|   1|0x0000000080100000, 0x0000000080200000, 0x0000000080200000|100%| O|  |TAMS 0x0000000080100000, 0x0000000080100000| Untracked 
|   2|0x0000000080200000, 0x0000000080300000, 0x0000000080300000|100%| O|  |TAMS 0x0000000080200000, 0x0000000080200000| Untracked 
|   3|0x0000000080300000, 0x0000000080400000, 0x0000000080400000|100%|HS|  |TAMS 0x0000000080300000, 0x0000000080300000| Complete 
|   4|0x0000000080400000, 0x0000000080500000, 0x0000000080500000|100%|HC|  |TAMS 0x0000000080400000, 0x0000000080400000| Complete 
|   5|0x0000000080500000, 0x0000000080600000, 0x0000000080600000|100%|HC|  |TAMS 0x0000000080500000, 0x0000000080500000| Complete 
|   6|0x0000000080600000, 0x0000000080700000, 0x0000000080700000|100%| O|  |TAMS 0x0000000080600000, 0x0000000080600000| Untracked 
|   7|0x0000000080700000, 0x0000000080800000, 0x0000000080800000|100%| O|  |TAMS 0x0000000080700000, 0x0000000080700000| Untracked 
|   8|0x0000000080800000, 0x0000000080900000, 0x0000000080900000|100%| O|  |TAMS 0x0000000080800000, 0x0000000080800000| Untracked 
|   9|0x0000000080900000, 0x0000000080900000, 0x0000000080a00000|  0%| F|  |TAMS 0x0000000080900000, 0x0000000080900000| Untracked 
|  10|0x0000000080a00000, 0x0000000080b00000, 0x0000000080b00000|100%| O|  |TAMS 0x0000000080a00000, 0x0000000080a00000| Untracked 
|  11|0x0000000080b00000, 0x0000000080bb1200, 0x0000000080c00000| 69%| O|  |TAMS 0x0000000080b00000, 0x0000000080b00000| Untracked 
|  12|0x0000000080c00000, 0x0000000080c00000, 0x0000000080d00000|  0%| F|  |TAMS 0x0000000080c00000, 0x0000000080c00000| Untracked 
|  13|0x0000000080d00000, 0x0000000080d00000, 0x0000000080e00000|  0%| F|  |TAMS 0x0000000080d00000, 0x0000000080d00000| Untracked 
|  14|0x0000000080e00000, 0x0000000080e00000, 0x0000000080f00000|  0%| F|  |TAMS 0x0000000080e00000, 0x0000000080e00000| Untracked 
|  15|0x0000000080f00000, 0x0000000080f00000, 0x0000000081000000|  0%| F|  |TAMS 0x0000000080f00000, 0x0000000080f00000| Untracked 
|  16|0x0000000081000000, 0x0000000081000000, 0x0000000081100000|  0%| F|  |TAMS 0x0000000081000000, 0x0000000081000000| Untracked 
|  17|0x0000000081100000, 0x0000000081100000, 0x0000000081200000|  0%| F|  |TAMS 0x0000000081100000, 0x0000000081100000| Untracked 
|  18|0x0000000081200000, 0x0000000081200000, 0x0000000081300000|  0%| F|  |TAMS 0x0000000081200000, 0x0000000081200000| Untracked 
|  19|0x0000000081300000, 0x0000000081300000, 0x0000000081400000|  0%| F|  |TAMS 0x0000000081300000, 0x0000000081300000| Untracked 
|  20|0x0000000081400000, 0x0000000081400000, 0x0000000081500000|  0%| F|  |TAMS 0x0000000081400000, 0x0000000081400000| Untracked 
|  21|0x0000000081500000, 0x0000000081500000, 0x0000000081600000|  0%| F|  |TAMS 0x0000000081500000, 0x0000000081500000| Untracked 
|  22|0x0000000081600000, 0x0000000081600000, 0x0000000081700000|  0%| F|  |TAMS 0x0000000081600000, 0x0000000081600000| Untracked 
|  23|0x0000000081700000, 0x0000000081700000, 0x0000000081800000|  0%| F|  |TAMS 0x0000000081700000, 0x0000000081700000| Untracked 
|  24|0x0000000081800000, 0x0000000081800000, 0x0000000081900000|  0%| F|  |TAMS 0x0000000081800000, 0x0000000081800000| Untracked 
|  25|0x0000000081900000, 0x0000000081900000, 0x0000000081a00000|  0%| F|  |TAMS 0x0000000081900000, 0x0000000081900000| Untracked 
|  26|0x0000000081a00000, 0x0000000081a00000, 0x0000000081b00000|  0%| F|  |TAMS 0x0000000081a00000, 0x0000000081a00000| Untracked 
|  27|0x0000000081b00000, 0x0000000081b00000, 0x0000000081c00000|  0%| F|  |TAMS 0x0000000081b00000, 0x0000000081b00000| Untracked 
|  28|0x0000000081c00000, 0x0000000081c00000, 0x0000000081d00000|  0%| F|  |TAMS 0x0000000081c00000, 0x0000000081c00000| Untracked 
|  29|0x0000000081d00000, 0x0000000081d00000, 0x0000000081e00000|  0%| F|  |TAMS 0x0000000081d00000, 0x0000000081d00000| Untracked 
|  30|0x0000000081e00000, 0x0000000081e00000, 0x0000000081f00000|  0%| F|  |TAMS 0x0000000081e00000, 0x0000000081e00000| Untracked 
|  31|0x0000000081f00000, 0x0000000081f00000, 0x0000000082000000|  0%| F|  |TAMS 0x0000000081f00000, 0x0000000081f00000| Untracked 
|  32|0x0000000082000000, 0x0000000082000000, 0x0000000082100000|  0%| F|  |TAMS 0x0000000082000000, 0x0000000082000000| Untracked 
|  33|0x0000000082100000, 0x0000000082100000, 0x0000000082200000|  0%| F|  |TAMS 0x0000000082100000, 0x0000000082100000| Untracked 
|  34|0x0000000082200000, 0x0000000082200000, 0x0000000082300000|  0%| F|  |TAMS 0x0000000082200000, 0x0000000082200000| Untracked 
|  35|0x0000000082300000, 0x0000000082300000, 0x0000000082400000|  0%| F|  |TAMS 0x0000000082300000, 0x0000000082300000| Untracked 
|  36|0x0000000082400000, 0x0000000082400000, 0x0000000082500000|  0%| F|  |TAMS 0x0000000082400000, 0x0000000082400000| Untracked 
|  37|0x0000000082500000, 0x0000000082500000, 0x0000000082600000|  0%| F|  |TAMS 0x0000000082500000, 0x0000000082500000| Untracked 
|  38|0x0000000082600000, 0x0000000082600000, 0x0000000082700000|  0%| F|  |TAMS 0x0000000082600000, 0x0000000082600000| Untracked 
|  39|0x0000000082700000, 0x0000000082700000, 0x0000000082800000|  0%| F|  |TAMS 0x0000000082700000, 0x0000000082700000| Untracked 
|  40|0x0000000082800000, 0x0000000082800000, 0x0000000082900000|  0%| F|  |TAMS 0x0000000082800000, 0x0000000082800000| Untracked 
|  41|0x0000000082900000, 0x0000000082900000, 0x0000000082a00000|  0%| F|  |TAMS 0x0000000082900000, 0x0000000082900000| Untracked 
|  42|0x0000000082a00000, 0x0000000082a00000, 0x0000000082b00000|  0%| F|  |TAMS 0x0000000082a00000, 0x0000000082a00000| Untracked 
|  43|0x0000000082b00000, 0x0000000082b00000, 0x0000000082c00000|  0%| F|  |TAMS 0x0000000082b00000, 0x0000000082b00000| Untracked 
|  44|0x0000000082c00000, 0x0000000082c00000, 0x0000000082d00000|  0%| F|  |TAMS 0x0000000082c00000, 0x0000000082c00000| Untracked 
|  45|0x0000000082d00000, 0x0000000082d00000, 0x0000000082e00000|  0%| F|  |TAMS 0x0000000082d00000, 0x0000000082d00000| Untracked 
|  46|0x0000000082e00000, 0x0000000082e00000, 0x0000000082f00000|  0%| F|  |TAMS 0x0000000082e00000, 0x0000000082e00000| Untracked 
|  47|0x0000000082f00000, 0x0000000082f00000, 0x0000000083000000|  0%| F|  |TAMS 0x0000000082f00000, 0x0000000082f00000| Untracked 
|  48|0x0000000083000000, 0x0000000083000000, 0x0000000083100000|  0%| F|  |TAMS 0x0000000083000000, 0x0000000083000000| Untracked 
|  49|0x0000000083100000, 0x0000000083100000, 0x0000000083200000|  0%| F|  |TAMS 0x0000000083100000, 0x0000000083100000| Untracked 
|  50|0x0000000083200000, 0x0000000083200000, 0x0000000083300000|  0%| F|  |TAMS 0x0000000083200000, 0x0000000083200000| Untracked 
|  51|0x0000000083300000, 0x0000000083300000, 0x0000000083400000|  0%| F|  |TAMS 0x0000000083300000, 0x0000000083300000| Untracked 
|  52|0x0000000083400000, 0x0000000083400000, 0x0000000083500000|  0%| F|  |TAMS 0x0000000083400000, 0x0000000083400000| Untracked 
|  53|0x0000000083500000, 0x0000000083500000, 0x0000000083600000|  0%| F|  |TAMS 0x0000000083500000, 0x0000000083500000| Untracked 
|  54|0x0000000083600000, 0x0000000083700000, 0x0000000083700000|100%| S|CS|TAMS 0x0000000083600000, 0x0000000083600000| Complete 
|  55|0x0000000083700000, 0x0000000083800000, 0x0000000083800000|100%| S|CS|TAMS 0x0000000083700000, 0x0000000083700000| Complete 
|  56|0x0000000083800000, 0x0000000083900000, 0x0000000083900000|100%| S|CS|TAMS 0x0000000083800000, 0x0000000083800000| Complete 
|  57|0x0000000083900000, 0x0000000083a00000, 0x0000000083a00000|100%| S|CS|TAMS 0x0000000083900000, 0x0000000083900000| Complete 
|  58|0x0000000083a00000, 0x0000000083b00000, 0x0000000083b00000|100%| S|CS|TAMS 0x0000000083a00000, 0x0000000083a00000| Complete 
|  59|0x0000000083b00000, 0x0000000083b00000, 0x0000000083c00000|  0%| F|  |TAMS 0x0000000083b00000, 0x0000000083b00000| Untracked 
|  60|0x0000000083c00000, 0x0000000083c00000, 0x0000000083d00000|  0%| F|  |TAMS 0x0000000083c00000, 0x0000000083c00000| Untracked 
|  61|0x0000000083d00000, 0x0000000083d00000, 0x0000000083e00000|  0%| F|  |TAMS 0x0000000083d00000, 0x0000000083d00000| Untracked 
|  62|0x0000000083e00000, 0x0000000083e00000, 0x0000000083f00000|  0%| F|  |TAMS 0x0000000083e00000, 0x0000000083e00000| Untracked 
|  63|0x0000000083f00000, 0x0000000083f00000, 0x0000000084000000|  0%| F|  |TAMS 0x0000000083f00000, 0x0000000083f00000| Untracked 
|  64|0x0000000084000000, 0x0000000084000000, 0x0000000084100000|  0%| F|  |TAMS 0x0000000084000000, 0x0000000084000000| Untracked 
|  65|0x0000000084100000, 0x0000000084100000, 0x0000000084200000|  0%| F|  |TAMS 0x0000000084100000, 0x0000000084100000| Untracked 
|  66|0x0000000084200000, 0x0000000084200000, 0x0000000084300000|  0%| F|  |TAMS 0x0000000084200000, 0x0000000084200000| Untracked 
|  67|0x0000000084300000, 0x0000000084300000, 0x0000000084400000|  0%| F|  |TAMS 0x0000000084300000, 0x0000000084300000| Untracked 
|  68|0x0000000084400000, 0x0000000084400000, 0x0000000084500000|  0%| F|  |TAMS 0x0000000084400000, 0x0000000084400000| Untracked 
|  69|0x0000000084500000, 0x0000000084500000, 0x0000000084600000|  0%| F|  |TAMS 0x0000000084500000, 0x0000000084500000| Untracked 
|  70|0x0000000084600000, 0x0000000084600000, 0x0000000084700000|  0%| F|  |TAMS 0x0000000084600000, 0x0000000084600000| Untracked 
|  71|0x0000000084700000, 0x0000000084700000, 0x0000000084800000|  0%| F|  |TAMS 0x0000000084700000, 0x0000000084700000| Untracked 
|  72|0x0000000084800000, 0x0000000084800000, 0x0000000084900000|  0%| F|  |TAMS 0x0000000084800000, 0x0000000084800000| Untracked 
|  73|0x0000000084900000, 0x0000000084900000, 0x0000000084a00000|  0%| F|  |TAMS 0x0000000084900000, 0x0000000084900000| Untracked 
|  74|0x0000000084a00000, 0x0000000084a00000, 0x0000000084b00000|  0%| F|  |TAMS 0x0000000084a00000, 0x0000000084a00000| Untracked 
|  75|0x0000000084b00000, 0x0000000084b00000, 0x0000000084c00000|  0%| F|  |TAMS 0x0000000084b00000, 0x0000000084b00000| Untracked 
|  76|0x0000000084c00000, 0x0000000084c00000, 0x0000000084d00000|  0%| F|  |TAMS 0x0000000084c00000, 0x0000000084c00000| Untracked 
|  77|0x0000000084d00000, 0x0000000084d00000, 0x0000000084e00000|  0%| F|  |TAMS 0x0000000084d00000, 0x0000000084d00000| Untracked 
|  78|0x0000000084e00000, 0x0000000084e00000, 0x0000000084f00000|  0%| F|  |TAMS 0x0000000084e00000, 0x0000000084e00000| Untracked 
|  79|0x0000000084f00000, 0x0000000084f00000, 0x0000000085000000|  0%| F|  |TAMS 0x0000000084f00000, 0x0000000084f00000| Untracked 
|  80|0x0000000085000000, 0x0000000085000000, 0x0000000085100000|  0%| F|  |TAMS 0x0000000085000000, 0x0000000085000000| Untracked 
|  81|0x0000000085100000, 0x0000000085100000, 0x0000000085200000|  0%| F|  |TAMS 0x0000000085100000, 0x0000000085100000| Untracked 
|  82|0x0000000085200000, 0x0000000085200000, 0x0000000085300000|  0%| F|  |TAMS 0x0000000085200000, 0x0000000085200000| Untracked 
|  83|0x0000000085300000, 0x0000000085300000, 0x0000000085400000|  0%| F|  |TAMS 0x0000000085300000, 0x0000000085300000| Untracked 
|  84|0x0000000085400000, 0x0000000085400000, 0x0000000085500000|  0%| F|  |TAMS 0x0000000085400000, 0x0000000085400000| Untracked 
|  85|0x0000000085500000, 0x0000000085500000, 0x0000000085600000|  0%| F|  |TAMS 0x0000000085500000, 0x0000000085500000| Untracked 
|  86|0x0000000085600000, 0x0000000085654310, 0x0000000085700000| 32%| E|  |TAMS 0x0000000085600000, 0x0000000085600000| Complete 
|  87|0x0000000085700000, 0x0000000085800000, 0x0000000085800000|100%| E|CS|TAMS 0x0000000085700000, 0x0000000085700000| Complete 
|  88|0x0000000085800000, 0x0000000085900000, 0x0000000085900000|100%| E|CS|TAMS 0x0000000085800000, 0x0000000085800000| Complete 
|  89|0x0000000085900000, 0x0000000085a00000, 0x0000000085a00000|100%| E|CS|TAMS 0x0000000085900000, 0x0000000085900000| Complete 
|  90|0x0000000085a00000, 0x0000000085b00000, 0x0000000085b00000|100%| E|CS|TAMS 0x0000000085a00000, 0x0000000085a00000| Complete 
|  91|0x0000000085b00000, 0x0000000085c00000, 0x0000000085c00000|100%| E|CS|TAMS 0x0000000085b00000, 0x0000000085b00000| Complete 
|  92|0x0000000085c00000, 0x0000000085d00000, 0x0000000085d00000|100%| E|CS|TAMS 0x0000000085c00000, 0x0000000085c00000| Complete 
|  93|0x0000000085d00000, 0x0000000085e00000, 0x0000000085e00000|100%| E|CS|TAMS 0x0000000085d00000, 0x0000000085d00000| Complete 

Card table byte_map: [0x000001eb26ec0000,0x000001eb272c0000] _byte_map_base: 0x000001eb26ac0000

Marking Bits (Prev, Next): (CMBitMap*) 0x000001eb0f31e7d0, (CMBitMap*) 0x000001eb0f31e810
 Prev Bits: [0x000001eb276c0000, 0x000001eb296c0000)
 Next Bits: [0x000001eb296c0000, 0x000001eb2b6c0000)

Polling page: 0x000001eb0f340000

Metaspace:

Usage:
  Non-class:      8.21 MB used.
      Class:      1.32 MB used.
       Both:      9.53 MB used.

Virtual space:
  Non-class space:       64.00 MB reserved,       8.38 MB ( 13%) committed,  1 nodes.
      Class space:      416.00 MB reserved,       1.44 MB ( <1%) committed,  1 nodes.
             Both:      480.00 MB reserved,       9.81 MB (  2%) committed. 

Chunk freelists:
   Non-Class:  7.48 MB
       Class:  14.48 MB
        Both:  21.97 MB

MaxMetaspaceSize: 512.00 MB
CompressedClassSpaceSize: 416.00 MB
Initial GC threshold: 21.00 MB
Current GC threshold: 21.00 MB
CDS: on
MetaspaceReclaimPolicy: balanced
 - commit_granule_bytes: 65536.
 - commit_granule_words: 8192.
 - virtual_space_node_default_size: 8388608.
 - enlarge_chunks_in_place: 1.
 - new_chunks_are_fully_committed: 0.
 - uncommit_free_chunks: 1.
 - use_allocation_guard: 0.
 - handle_deallocations: 1.


Internal statistics:

num_allocs_failed_limit: 0.
num_arena_births: 118.
num_arena_deaths: 0.
num_vsnodes_births: 2.
num_vsnodes_deaths: 0.
num_space_committed: 157.
num_space_uncommitted: 0.
num_chunks_returned_to_freelist: 0.
num_chunks_taken_from_freelist: 363.
num_chunk_merges: 0.
num_chunk_splits: 251.
num_chunks_enlarged: 191.
num_inconsistent_stats: 0.

CodeHeap 'non-profiled nmethods': size=120000Kb used=900Kb max_used=900Kb free=119099Kb
 bounds [0x000001eb1e8f0000, 0x000001eb1eb60000, 0x000001eb25e20000]
CodeHeap 'profiled nmethods': size=120000Kb used=3830Kb max_used=3830Kb free=116169Kb
 bounds [0x000001eb16e20000, 0x000001eb171e0000, 0x000001eb1e350000]
CodeHeap 'non-nmethods': size=5760Kb used=1193Kb max_used=1196Kb free=4566Kb
 bounds [0x000001eb1e350000, 0x000001eb1e5c0000, 0x000001eb1e8f0000]
 total_blobs=2370 nmethods=1871 adapters=412
 compilation: enabled
              stopped_count=0, restarted_count=0
 full_count=0

Compilation events (20 events):
Event: 12.654 Thread 0x000001eb2db5add0 1845       3       java.lang.Package$VersionInfo::getInstance (53 bytes)
Event: 12.654 Thread 0x000001eb2db5add0 nmethod 1845 0x000001eb171bce10 code [0x000001eb171bcfc0, 0x000001eb171bd388]
Event: 12.659 Thread 0x000001eb2db5add0 1846       3       java.lang.StringBuilder::append (8 bytes)
Event: 12.660 Thread 0x000001eb2db5add0 nmethod 1846 0x000001eb171bd490 code [0x000001eb171bd620, 0x000001eb171bd768]
Event: 12.660 Thread 0x000001eb2db5add0 1847       3       java.lang.AbstractStringBuilder::append (54 bytes)
Event: 12.660 Thread 0x000001eb2db5add0 nmethod 1847 0x000001eb171bd810 code [0x000001eb171bda40, 0x000001eb171be3a8]
Event: 12.660 Thread 0x000001eb2db5add0 1848       3       org.gradle.internal.event.BroadcastDispatch$SingletonDispatch::dispatch (9 bytes)
Event: 12.661 Thread 0x000001eb2db5add0 nmethod 1848 0x000001eb171be510 code [0x000001eb171be6c0, 0x000001eb171be9e8]
Event: 12.664 Thread 0x000001eb2db5add0 1849       3       java.util.LinkedHashMap$LinkedValueIterator::next (8 bytes)
Event: 12.664 Thread 0x000001eb2db5add0 nmethod 1849 0x000001eb171beb10 code [0x000001eb171becc0, 0x000001eb171bee08]
Event: 12.665 Thread 0x000001eb2db5add0 1850       3       jdk.internal.org.objectweb.asm.MethodWriter::visitCode (1 bytes)
Event: 12.665 Thread 0x000001eb2db5add0 nmethod 1850 0x000001eb171bef10 code [0x000001eb171bf0a0, 0x000001eb171bf1b8]
Event: 12.668 Thread 0x000001eb2db5add0 1851       1       java.util.Calendar::getZone (5 bytes)
Event: 12.668 Thread 0x000001eb2db5add0 nmethod 1851 0x000001eb1e9cfd90 code [0x000001eb1e9cff20, 0x000001eb1e9cfff8]
Event: 12.668 Thread 0x000001eb2db5add0 1852       3       org.gradle.internal.logging.sink.LogEventDispatcher::onOutput (60 bytes)
Event: 12.669 Thread 0x000001eb2db5add0 nmethod 1852 0x000001eb171bf290 code [0x000001eb171bf4e0, 0x000001eb171bfe58]
Event: 12.709 Thread 0x000001eb2db5add0 1853       3       java.util.concurrent.ConcurrentHashMap::<init> (5 bytes)
Event: 12.710 Thread 0x000001eb2db5add0 nmethod 1853 0x000001eb171c0090 code [0x000001eb171c0240, 0x000001eb171c03f8]
Event: 12.710 Thread 0x000001eb2db5add0 1854       3       java.util.AbstractQueue::<init> (5 bytes)
Event: 12.710 Thread 0x000001eb2db5add0 nmethod 1854 0x000001eb171c0510 code [0x000001eb171c06c0, 0x000001eb171c0878]

GC Heap History (8 events):
Event: 4.226 GC heap before
{Heap before GC invocations=0 (full 0):
 garbage-first heap   total 96256K, used 28672K [0x0000000080000000, 0x0000000100000000)
  region size 1024K, 23 young (23552K), 0 survivors (0K)
 Metaspace       used 2996K, committed 3136K, reserved 491520K
  class space    used 379K, committed 448K, reserved 425984K
}
Event: 4.848 GC heap after
{Heap after GC invocations=1 (full 0):
 garbage-first heap   total 96256K, used 9090K [0x0000000080000000, 0x0000000100000000)
  region size 1024K, 3 young (3072K), 3 survivors (3072K)
 Metaspace       used 2996K, committed 3136K, reserved 491520K
  class space    used 379K, committed 448K, reserved 425984K
}
Event: 5.354 GC heap before
{Heap before GC invocations=1 (full 0):
 garbage-first heap   total 96256K, used 12162K [0x0000000080000000, 0x0000000100000000)
  region size 1024K, 6 young (6144K), 3 survivors (3072K)
 Metaspace       used 3456K, committed 3648K, reserved 491520K
  class space    used 433K, committed 512K, reserved 425984K
}
Event: 5.365 GC heap after
{Heap after GC invocations=2 (full 0):
 garbage-first heap   total 96256K, used 9339K [0x0000000080000000, 0x0000000100000000)
  region size 1024K, 1 young (1024K), 1 survivors (1024K)
 Metaspace       used 3456K, committed 3648K, reserved 491520K
  class space    used 433K, committed 512K, reserved 425984K
}
Event: 6.146 GC heap before
{Heap before GC invocations=2 (full 0):
 garbage-first heap   total 96256K, used 20603K [0x0000000080000000, 0x0000000100000000)
  region size 1024K, 12 young (12288K), 1 survivors (1024K)
 Metaspace       used 3844K, committed 4032K, reserved 491520K
  class space    used 473K, committed 576K, reserved 425984K
}
Event: 6.150 GC heap after
{Heap after GC invocations=3 (full 0):
 garbage-first heap   total 96256K, used 9463K [0x0000000080000000, 0x0000000100000000)
  region size 1024K, 1 young (1024K), 1 survivors (1024K)
 Metaspace       used 3844K, committed 4032K, reserved 491520K
  class space    used 473K, committed 576K, reserved 425984K
}
Event: 12.207 GC heap before
{Heap before GC invocations=3 (full 0):
 garbage-first heap   total 96256K, used 45303K [0x0000000080000000, 0x0000000100000000)
  region size 1024K, 35 young (35840K), 1 survivors (1024K)
 Metaspace       used 8475K, committed 8704K, reserved 491520K
  class space    used 1138K, committed 1280K, reserved 425984K
}
Event: 12.312 GC heap after
{Heap after GC invocations=4 (full 0):
 garbage-first heap   total 96256K, used 16068K [0x0000000080000000, 0x0000000100000000)
  region size 1024K, 5 young (5120K), 5 survivors (5120K)
 Metaspace       used 8475K, committed 8704K, reserved 491520K
  class space    used 1138K, committed 1280K, reserved 425984K
}

Dll operation events (13 events):
Event: 0.078 Loaded shared library C:\Program Files\Microsoft\jdk-17.0.10.7-hotspot\bin\java.dll
Event: 0.355 Loaded shared library C:\Program Files\Microsoft\jdk-17.0.10.7-hotspot\bin\jsvml.dll
Event: 0.508 Loaded shared library C:\Program Files\Microsoft\jdk-17.0.10.7-hotspot\bin\net.dll
Event: 0.513 Loaded shared library C:\Program Files\Microsoft\jdk-17.0.10.7-hotspot\bin\nio.dll
Event: 0.519 Loaded shared library C:\Program Files\Microsoft\jdk-17.0.10.7-hotspot\bin\zip.dll
Event: 1.280 Loaded shared library C:\Program Files\Microsoft\jdk-17.0.10.7-hotspot\bin\jimage.dll
Event: 1.793 Loaded shared library C:\Program Files\Microsoft\jdk-17.0.10.7-hotspot\bin\verify.dll
Event: 3.320 Loaded shared library C:\Users\panka\.gradle\native\e1d6ef7f7dcc3fd88c89a11ec53ec762bb8ba0a96d01ffa2cd45eb1d1d8dd5c5\windows-amd64\native-platform.dll
Event: 3.351 Loaded shared library C:\Users\panka\.gradle\native\0d407fdbe67a94daf76414ababcb853783967236a71b16ec16e742cd7a986fd3\windows-amd64\native-platform-file-events.dll
Event: 8.928 Loaded shared library C:\Program Files\Microsoft\jdk-17.0.10.7-hotspot\bin\management.dll
Event: 8.943 Loaded shared library C:\Program Files\Microsoft\jdk-17.0.10.7-hotspot\bin\management_ext.dll
Event: 10.813 Loaded shared library C:\Program Files\Microsoft\jdk-17.0.10.7-hotspot\bin\extnet.dll
Event: 12.171 Loaded shared library C:\Program Files\Microsoft\jdk-17.0.10.7-hotspot\bin\sunmscapi.dll

Deoptimization events (20 events):
Event: 12.155 Thread 0x000001eb2e7150b0 Uncommon trap: trap_request=0xffffff45 fr.pc=0x000001eb1e97caec relative=0x000000000000198c
Event: 12.155 Thread 0x000001eb2e7150b0 Uncommon trap: reason=unstable_if action=reinterpret pc=0x000001eb1e97caec method=sun.nio.fs.WindowsPathParser.normalize(Ljava/lang/StringBuilder;Ljava/lang/String;I)Ljava/lang/String; @ 172 c2
Event: 12.155 Thread 0x000001eb2e7150b0 DEOPT PACKING pc=0x000001eb1e97caec sp=0x00000045a45fddd0
Event: 12.155 Thread 0x000001eb2e7150b0 DEOPT UNPACKING pc=0x000001eb1e3a69a3 sp=0x00000045a45fddc0 mode 2
Event: 12.315 Thread 0x000001eb2e7150b0 Uncommon trap: trap_request=0xffffff45 fr.pc=0x000001eb1e9a8e70 relative=0x00000000000004f0
Event: 12.315 Thread 0x000001eb2e7150b0 Uncommon trap: reason=unstable_if action=reinterpret pc=0x000001eb1e9a8e70 method=java.util.HashMap.putVal(ILjava/lang/Object;Ljava/lang/Object;ZZ)Ljava/lang/Object; @ 162 c2
Event: 12.315 Thread 0x000001eb2e7150b0 DEOPT PACKING pc=0x000001eb1e9a8e70 sp=0x00000045a45fceb0
Event: 12.315 Thread 0x000001eb2e7150b0 DEOPT UNPACKING pc=0x000001eb1e3a69a3 sp=0x00000045a45fce50 mode 2
Event: 12.359 Thread 0x000001eb2e7150b0 Uncommon trap: trap_request=0xffffffc6 fr.pc=0x000001eb1e9671a8 relative=0x0000000000000088
Event: 12.359 Thread 0x000001eb2e7150b0 Uncommon trap: reason=bimorphic_or_optimized_type_check action=maybe_recompile pc=0x000001eb1e9671a8 method=java.util.AbstractList$Itr.hasNext()Z @ 8 c2
Event: 12.359 Thread 0x000001eb2e7150b0 DEOPT PACKING pc=0x000001eb1e9671a8 sp=0x00000045a45fe0a0
Event: 12.359 Thread 0x000001eb2e7150b0 DEOPT UNPACKING pc=0x000001eb1e3a69a3 sp=0x00000045a45fe038 mode 2
Event: 12.359 Thread 0x000001eb2e7150b0 Uncommon trap: trap_request=0xffffffc6 fr.pc=0x000001eb1e9675b8 relative=0x0000000000000118
Event: 12.359 Thread 0x000001eb2e7150b0 Uncommon trap: reason=bimorphic_or_optimized_type_check action=maybe_recompile pc=0x000001eb1e9675b8 method=java.util.AbstractList$Itr.next()Ljava/lang/Object; @ 14 c2
Event: 12.359 Thread 0x000001eb2e7150b0 DEOPT PACKING pc=0x000001eb1e9675b8 sp=0x00000045a45fe090
Event: 12.359 Thread 0x000001eb2e7150b0 DEOPT UNPACKING pc=0x000001eb1e3a69a3 sp=0x00000045a45fe028 mode 2
Event: 12.521 Thread 0x000001eb4eec0d90 Uncommon trap: trap_request=0xffffff6e fr.pc=0x000001eb1e992be4 relative=0x00000000000003c4
Event: 12.521 Thread 0x000001eb4eec0d90 Uncommon trap: reason=loop_limit_check action=maybe_recompile pc=0x000001eb1e992be4 method=java.lang.StringLatin1.indexOf([BI[BII)I @ 37 c2
Event: 12.521 Thread 0x000001eb4eec0d90 DEOPT PACKING pc=0x000001eb1e992be4 sp=0x00000045a4fff0a0
Event: 12.521 Thread 0x000001eb4eec0d90 DEOPT UNPACKING pc=0x000001eb1e3a69a3 sp=0x00000045a4fff028 mode 2

Classes unloaded (0 events):
No events

Classes redefined (0 events):
No events

Internal exceptions (14 events):
Event: 0.583 Thread 0x000001eb0f2c0f10 Exception <a 'java/lang/NoSuchMethodError'{0x0000000085b09cc0}: 'int java.lang.invoke.DirectMethodHandle$Holder.invokeStaticInit(java.lang.Object, java.lang.Object)'> (0x0000000085b09cc0) 
thrown [s\src\hotspot\share\interpreter\linkResolver.cpp, line 759]
Event: 2.400 Thread 0x000001eb0f2c0f10 Exception <a 'java/lang/NoClassDefFoundError'{0x0000000084e56280}: org/slf4j/impl/StaticMarkerBinder> (0x0000000084e56280) 
thrown [s\src\hotspot\share\classfile\systemDictionary.cpp, line 245]
Event: 3.147 Thread 0x000001eb0f2c0f10 Exception <a 'java/lang/NoSuchMethodError'{0x0000000084ca89c8}: 'java.lang.Object java.lang.invoke.DirectMethodHandle$Holder.invokeVirtual(java.lang.Object, java.lang.Object, java.lang.Object, java.lang.Object, java.lang.Object, java.lang.Object, java.lang.Object)'> (0x0000000084ca89c8) 
thrown [s\src\hotspot\share\interpreter\linkResolver.cpp, line 759]
Event: 3.158 Thread 0x000001eb0f2c0f10 Exception <a 'java/lang/NoSuchMethodError'{0x0000000084cbab58}: 'java.lang.Object java.lang.invoke.Invokers$Holder.invoker(java.lang.Object, java.lang.Object, java.lang.Object)'> (0x0000000084cbab58) 
thrown [s\src\hotspot\share\interpreter\linkResolver.cpp, line 759]
Event: 3.168 Thread 0x000001eb0f2c0f10 Exception <a 'java/lang/NoSuchMethodError'{0x0000000084cc3d78}: 'java.lang.Object java.lang.invoke.DirectMethodHandle$Holder.invokeStatic(java.lang.Object, java.lang.Object, int)'> (0x0000000084cc3d78) 
thrown [s\src\hotspot\share\interpreter\linkResolver.cpp, line 759]
Event: 3.175 Thread 0x000001eb0f2c0f10 Exception <a 'java/lang/NoSuchMethodError'{0x0000000084ccfb60}: 'void java.lang.invoke.DelegatingMethodHandle$Holder.delegate(java.lang.Object, java.lang.Object, int, java.lang.Object)'> (0x0000000084ccfb60) 
thrown [s\src\hotspot\share\interpreter\linkResolver.cpp, line 759]
Event: 3.177 Thread 0x000001eb0f2c0f10 Exception <a 'java/lang/NoSuchMethodError'{0x0000000084cd3ca8}: 'int java.lang.invoke.DirectMethodHandle$Holder.invokeSpecial(java.lang.Object, java.lang.Object, java.lang.Object)'> (0x0000000084cd3ca8) 
thrown [s\src\hotspot\share\interpreter\linkResolver.cpp, line 759]
Event: 3.186 Thread 0x000001eb0f2c0f10 Exception <a 'java/lang/NoSuchMethodError'{0x0000000084ce7580}: 'java.lang.Object java.lang.invoke.Invokers$Holder.invokeExact_MT(java.lang.Object, java.lang.Object, java.lang.Object, java.lang.Object)'> (0x0000000084ce7580) 
thrown [s\src\hotspot\share\interpreter\linkResolver.cpp, line 759]
Event: 5.385 Thread 0x000001eb0f2c0f10 Exception <a 'java/lang/NoSuchMethodError'{0x0000000085d16450}: 'void java.lang.invoke.DirectMethodHandle$Holder.invokeInterface(java.lang.Object, java.lang.Object, java.lang.Object)'> (0x0000000085d16450) 
thrown [s\src\hotspot\share\interpreter\linkResolver.cpp, line 759]
Event: 8.921 Thread 0x000001eb0f2c0f10 Exception <a 'java/lang/NoSuchMethodError'{0x0000000084309990}: 'java.lang.Object java.lang.invoke.DirectMethodHandle$Holder.invokeStaticInit(java.lang.Object)'> (0x0000000084309990) 
thrown [s\src\hotspot\share\interpreter\linkResolver.cpp, line 759]
Event: 10.094 Thread 0x000001eb0f2c0f10 Exception <a 'java/lang/NoSuchMethodError'{0x0000000083e3cf98}: 'java.lang.Object java.lang.invoke.DirectMethodHandle$Holder.invokeStaticInit(java.lang.Object, int, int, int, int)'> (0x0000000083e3cf98) 
thrown [s\src\hotspot\share\interpreter\linkResolver.cpp, line 759]
Event: 10.764 Thread 0x000001eb0f2c0f10 Exception <a 'java/lang/NoSuchMethodError'{0x0000000083ee9a20}: 'java.lang.Object java.lang.invoke.DirectMethodHandle$Holder.invokeStaticInit(java.lang.Object, java.lang.Object, int, int, int, int)'> (0x0000000083ee9a20) 
thrown [s\src\hotspot\share\interpreter\linkResolver.cpp, line 759]
Event: 11.387 Thread 0x000001eb0f2c0f10 Exception <a 'java/lang/NoSuchMethodError'{0x0000000083ca4b10}: 'void java.lang.invoke.DirectMethodHandle$Holder.invokeStatic(java.lang.Object, java.lang.Object, java.lang.Object)'> (0x0000000083ca4b10) 
thrown [s\src\hotspot\share\interpreter\linkResolver.cpp, line 759]
Event: 11.755 Thread 0x000001eb0f2c0f10 Exception <a 'java/io/IOException'{0x0000000083b42938}> (0x0000000083b42938) 
thrown [s\src\hotspot\share\prims\jni.cpp, line 516]

VM Operations (20 events):
Event: 8.904 Executing VM operation: HandshakeAllThreads
Event: 8.904 Executing VM operation: HandshakeAllThreads done
Event: 8.989 Executing VM operation: HandshakeAllThreads
Event: 8.989 Executing VM operation: HandshakeAllThreads done
Event: 9.493 Executing VM operation: HandshakeAllThreads
Event: 9.493 Executing VM operation: HandshakeAllThreads done
Event: 9.493 Executing VM operation: Cleanup
Event: 9.493 Executing VM operation: Cleanup done
Event: 9.936 Executing VM operation: HandshakeAllThreads
Event: 9.936 Executing VM operation: HandshakeAllThreads done
Event: 10.491 Executing VM operation: HandshakeAllThreads
Event: 10.492 Executing VM operation: HandshakeAllThreads done
Event: 11.384 Executing VM operation: HandshakeAllThreads
Event: 11.384 Executing VM operation: HandshakeAllThreads done
Event: 11.384 Executing VM operation: Cleanup
Event: 11.384 Executing VM operation: Cleanup done
Event: 12.207 Executing VM operation: G1CollectForAllocation
Event: 12.312 Executing VM operation: G1CollectForAllocation done
Event: 12.327 Executing VM operation: HandshakeAllThreads
Event: 12.328 Executing VM operation: HandshakeAllThreads done

Events (20 events):
Event: 12.528 loading class jdk/internal/reflect/UnsafeQualifiedFieldAccessorImpl
Event: 12.528 loading class jdk/internal/reflect/UnsafeQualifiedFieldAccessorImpl done
Event: 12.528 loading class jdk/internal/reflect/UnsafeQualifiedObjectFieldAccessorImpl done
Event: 12.528 loading class jdk/internal/reflect/UnsafeQualifiedStaticObjectFieldAccessorImpl
Event: 12.529 loading class jdk/internal/reflect/UnsafeQualifiedStaticFieldAccessorImpl
Event: 12.529 loading class jdk/internal/reflect/UnsafeQualifiedStaticFieldAccessorImpl done
Event: 12.529 loading class jdk/internal/reflect/UnsafeQualifiedStaticObjectFieldAccessorImpl done
Event: 12.547 loading class java/util/concurrent/CountDownLatch
Event: 12.547 loading class java/util/concurrent/CountDownLatch done
Event: 12.548 loading class java/util/concurrent/CountDownLatch$Sync
Event: 12.548 loading class java/util/concurrent/CountDownLatch$Sync done
Event: 12.561 Thread 0x000001eb4eec3100 Thread added: 0x000001eb4eec3100
Event: 12.579 loading class java/math/MathContext
Event: 12.639 loading class java/math/MathContext done
Event: 12.644 loading class java/io/PipedOutputStream
Event: 12.644 loading class java/io/PipedOutputStream done
Event: 12.644 loading class java/io/PipedInputStream
Event: 12.644 loading class java/io/PipedInputStream done
Event: 12.647 Thread 0x000001eb4eec3b20 Thread added: 0x000001eb4eec3b20
Event: 12.662 Thread 0x000001eb4eec3610 Thread added: 0x000001eb4eec3610


Dynamic libraries:
0x00007ff7dc940000 - 0x00007ff7dc94e000 	C:\Program Files\Microsoft\jdk-17.0.10.7-hotspot\bin\java.exe
0x00007ffd748b0000 - 0x00007ffd74ac7000 	C:\Windows\SYSTEM32\ntdll.dll
0x00007ffd3d500000 - 0x00007ffd3d51a000 	C:\Program Files\Avast Software\Avast\aswhook.dll
0x00007ffd735d0000 - 0x00007ffd73694000 	C:\Windows\System32\KERNEL32.DLL
0x00007ffd72210000 - 0x00007ffd725bd000 	C:\Windows\System32\KERNELBASE.dll
0x00007ffd720f0000 - 0x00007ffd72201000 	C:\Windows\System32\ucrtbase.dll
0x00007ffd272f0000 - 0x00007ffd2730b000 	C:\Program Files\Microsoft\jdk-17.0.10.7-hotspot\bin\VCRUNTIME140.dll
0x00007ffd271d0000 - 0x00007ffd271e7000 	C:\Program Files\Microsoft\jdk-17.0.10.7-hotspot\bin\jli.dll
0x00007ffd73300000 - 0x00007ffd734ae000 	C:\Windows\System32\USER32.dll
0x00007ffd5cc10000 - 0x00007ffd5cea3000 	C:\Windows\WinSxS\amd64_microsoft.windows.common-controls_6595b64144ccf1df_6.0.22621.3672_none_2713b9d173822955\COMCTL32.dll
0x00007ffd725c0000 - 0x00007ffd725e6000 	C:\Windows\System32\win32u.dll
0x00007ffd73020000 - 0x00007ffd73049000 	C:\Windows\System32\GDI32.dll
0x00007ffd74610000 - 0x00007ffd746b7000 	C:\Windows\System32\msvcrt.dll
0x00007ffd71fd0000 - 0x00007ffd720e9000 	C:\Windows\System32\gdi32full.dll
0x00007ffd71ec0000 - 0x00007ffd71f5a000 	C:\Windows\System32\msvcp_win.dll
0x00007ffd741f0000 - 0x00007ffd74221000 	C:\Windows\System32\IMM32.DLL
0x000000005dab0000 - 0x000000005dabc000 	C:\Program Files (x86)\360\Total Security\safemon\SafeWrapper.dll
0x00007ffd73050000 - 0x00007ffd73102000 	C:\Windows\System32\ADVAPI32.dll
0x00007ffd744e0000 - 0x00007ffd74589000 	C:\Windows\System32\sechost.dll
0x00007ffd71dd0000 - 0x00007ffd71df8000 	C:\Windows\System32\bcrypt.dll
0x00007ffd734b0000 - 0x00007ffd735c4000 	C:\Windows\System32\RPCRT4.dll
0x00007ffd1dd70000 - 0x00007ffd1de1c000 	C:\Program Files (x86)\360\Total Security\safemon\libzdtp64.dll
0x00007ffd736a0000 - 0x00007ffd73eff000 	C:\Windows\System32\SHELL32.dll
0x00007ffd731f0000 - 0x00007ffd7324e000 	C:\Windows\System32\SHLWAPI.dll
0x00007ffd715d0000 - 0x00007ffd715da000 	C:\Windows\SYSTEM32\VERSION.dll
0x00007ffd4b430000 - 0x00007ffd4b43c000 	C:\Program Files\Microsoft\jdk-17.0.10.7-hotspot\bin\vcruntime140_1.dll
0x00007ffcffab0000 - 0x00007ffcffb3d000 	C:\Program Files\Microsoft\jdk-17.0.10.7-hotspot\bin\msvcp140.dll
0x00007ffce1480000 - 0x00007ffce20e5000 	C:\Program Files\Microsoft\jdk-17.0.10.7-hotspot\bin\server\jvm.dll
0x00007ffd718a0000 - 0x00007ffd718ed000 	C:\Windows\SYSTEM32\POWRPROF.dll
0x00007ffd5fd10000 - 0x00007ffd5fd19000 	C:\Windows\SYSTEM32\WSOCK32.dll
0x00007ffd6ad40000 - 0x00007ffd6ad74000 	C:\Windows\SYSTEM32\WINMM.dll
0x00007ffd73f90000 - 0x00007ffd74001000 	C:\Windows\System32\WS2_32.dll
0x00007ffd71880000 - 0x00007ffd71893000 	C:\Windows\SYSTEM32\UMPDC.dll
0x00007ffd70ba0000 - 0x00007ffd70bb8000 	C:\Windows\SYSTEM32\kernel.appcore.dll
0x00007ffd48790000 - 0x00007ffd4879a000 	C:\Program Files\Microsoft\jdk-17.0.10.7-hotspot\bin\jimage.dll
0x00007ffd6f570000 - 0x00007ffd6f7a2000 	C:\Windows\SYSTEM32\DBGHELP.DLL
0x00007ffd725f0000 - 0x00007ffd72978000 	C:\Windows\System32\combase.dll
0x00007ffd73110000 - 0x00007ffd731e7000 	C:\Windows\System32\OLEAUT32.dll
0x00007ffd67350000 - 0x00007ffd67382000 	C:\Windows\SYSTEM32\dbgcore.DLL
0x00007ffd71d50000 - 0x00007ffd71dcb000 	C:\Windows\System32\bcryptPrimitives.dll
0x00007ffd1eee0000 - 0x00007ffd1ef05000 	C:\Program Files\Microsoft\jdk-17.0.10.7-hotspot\bin\java.dll
0x00007ffcf5520000 - 0x00007ffcf55f7000 	C:\Program Files\Microsoft\jdk-17.0.10.7-hotspot\bin\jsvml.dll
0x00007ffd6fac0000 - 0x00007ffd703bc000 	C:\Windows\SYSTEM32\windows.storage.dll
0x00007ffd6f980000 - 0x00007ffd6fabf000 	C:\Windows\SYSTEM32\wintypes.dll
0x00007ffd74720000 - 0x00007ffd74814000 	C:\Windows\System32\SHCORE.dll
0x00007ffd71b10000 - 0x00007ffd71b31000 	C:\Windows\SYSTEM32\profapi.dll
0x00007ffd270d0000 - 0x00007ffd270e9000 	C:\Program Files\Microsoft\jdk-17.0.10.7-hotspot\bin\net.dll
0x00007ffd6cc20000 - 0x00007ffd6cd56000 	C:\Windows\SYSTEM32\WINHTTP.dll
0x00007ffd71010000 - 0x00007ffd71079000 	C:\Windows\system32\mswsock.dll
0x00007ffd267d0000 - 0x00007ffd267e6000 	C:\Program Files\Microsoft\jdk-17.0.10.7-hotspot\bin\nio.dll
0x00007ffd1ee40000 - 0x00007ffd1ee58000 	C:\Program Files\Microsoft\jdk-17.0.10.7-hotspot\bin\zip.dll
0x00007ffd46db0000 - 0x00007ffd46dc0000 	C:\Program Files\Microsoft\jdk-17.0.10.7-hotspot\bin\verify.dll
0x00007ffd1c0b0000 - 0x00007ffd1c0d7000 	C:\Users\panka\.gradle\native\e1d6ef7f7dcc3fd88c89a11ec53ec762bb8ba0a96d01ffa2cd45eb1d1d8dd5c5\windows-amd64\native-platform.dll
0x00007ffcf53d0000 - 0x00007ffcf5514000 	C:\Users\panka\.gradle\native\0d407fdbe67a94daf76414ababcb853783967236a71b16ec16e742cd7a986fd3\windows-amd64\native-platform-file-events.dll
0x00007ffd44fc0000 - 0x00007ffd44fc9000 	C:\Program Files\Microsoft\jdk-17.0.10.7-hotspot\bin\management.dll
0x00007ffd44ea0000 - 0x00007ffd44eab000 	C:\Program Files\Microsoft\jdk-17.0.10.7-hotspot\bin\management_ext.dll
0x00007ffd744d0000 - 0x00007ffd744d8000 	C:\Windows\System32\PSAPI.DLL
0x00007ffd71270000 - 0x00007ffd7128b000 	C:\Windows\SYSTEM32\CRYPTSP.dll
0x00007ffd70b00000 - 0x00007ffd70b35000 	C:\Windows\system32\rsaenh.dll
0x00007ffd71110000 - 0x00007ffd71138000 	C:\Windows\SYSTEM32\USERENV.dll
0x00007ffd71290000 - 0x00007ffd7129c000 	C:\Windows\SYSTEM32\CRYPTBASE.dll
0x00007ffd70620000 - 0x00007ffd7064d000 	C:\Windows\SYSTEM32\IPHLPAPI.DLL
0x00007ffd74010000 - 0x00007ffd74019000 	C:\Windows\System32\NSI.dll
0x00007ffd6d000000 - 0x00007ffd6d019000 	C:\Windows\SYSTEM32\dhcpcsvc6.DLL
0x00007ffd6cf30000 - 0x00007ffd6cf4f000 	C:\Windows\SYSTEM32\dhcpcsvc.DLL
0x00007ffd70690000 - 0x00007ffd70788000 	C:\Windows\SYSTEM32\DNSAPI.dll
0x00007ffd43da0000 - 0x00007ffd43da9000 	C:\Program Files\Microsoft\jdk-17.0.10.7-hotspot\bin\extnet.dll
0x00007ffd41340000 - 0x00007ffd4134e000 	C:\Program Files\Microsoft\jdk-17.0.10.7-hotspot\bin\sunmscapi.dll
0x00007ffd71be0000 - 0x00007ffd71d47000 	C:\Windows\System32\CRYPT32.dll
0x00007ffd714a0000 - 0x00007ffd714ce000 	C:\Windows\SYSTEM32\ncrypt.dll
0x00007ffd71460000 - 0x00007ffd71497000 	C:\Windows\SYSTEM32\NTASN1.dll
0x00007ffd62b00000 - 0x00007ffd62b08000 	C:\Windows\system32\wshunix.dll

dbghelp: loaded successfully - version: 4.0.5 - missing functions: none
symbol engine: initialized successfully - sym options: 0x614 - pdb path: .;C:\Program Files\Microsoft\jdk-17.0.10.7-hotspot\bin;C:\Windows\SYSTEM32;C:\Program Files\Avast Software\Avast;C:\Windows\WinSxS\amd64_microsoft.windows.common-controls_6595b64144ccf1df_6.0.22621.3672_none_2713b9d173822955;C:\Program Files (x86)\360\Total Security\safemon;C:\Program Files\Microsoft\jdk-17.0.10.7-hotspot\bin\server;C:\Users\panka\.gradle\native\e1d6ef7f7dcc3fd88c89a11ec53ec762bb8ba0a96d01ffa2cd45eb1d1d8dd5c5\windows-amd64;C:\Users\panka\.gradle\native\0d407fdbe67a94daf76414ababcb853783967236a71b16ec16e742cd7a986fd3\windows-amd64

VM Arguments:
jvm_args: -XX:MaxMetaspaceSize=512m --add-opens=java.base/java.util=ALL-UNNAMED --add-opens=java.base/java.lang=ALL-UNNAMED --add-opens=java.base/java.lang.invoke=ALL-UNNAMED --add-opens=java.base/java.util=ALL-UNNAMED --add-opens=java.prefs/java.util.prefs=ALL-UNNAMED --add-opens=java.prefs/java.util.prefs=ALL-UNNAMED --add-opens=java.base/java.nio.charset=ALL-UNNAMED --add-opens=java.base/java.net=ALL-UNNAMED --add-opens=java.base/java.util.concurrent.atomic=ALL-UNNAMED -Xmx2048m -Dfile.encoding=windows-1252 -Duser.country=IN -Duser.language=en -Duser.variant 
java_command: org.gradle.launcher.daemon.bootstrap.GradleDaemon 7.5.1
java_class_path (initial): C:\Users\panka\.gradle\wrapper\dists\gradle-7.5.1-all\1ehga6e77gqps5uk2kc5kf1vc\gradle-7.5.1\lib\gradle-launcher-7.5.1.jar
Launcher Type: SUN_STANDARD

[Global flags]
     intx CICompilerCount                          = 4                                         {product} {ergonomic}
   size_t CompressedClassSpaceSize                 = 436207616                                 {product} {ergonomic}
     uint ConcGCThreads                            = 3                                         {product} {ergonomic}
     uint G1ConcRefinementThreads                  = 10                                        {product} {ergonomic}
   size_t G1HeapRegionSize                         = 1048576                                   {product} {ergonomic}
    uintx GCDrainStackTargetSize                   = 64                                        {product} {ergonomic}
   size_t InitialHeapSize                          = 98566144                                  {product} {ergonomic}
   size_t MarkStackSize                            = 4194304                                   {product} {ergonomic}
   size_t MaxHeapSize                              = 2147483648                                {product} {command line}
   size_t MaxMetaspaceSize                         = 536870912                                 {product} {command line}
   size_t MaxNewSize                               = 1287651328                                {product} {ergonomic}
   size_t MinHeapDeltaBytes                        = 1048576                                   {product} {ergonomic}
   size_t MinHeapSize                              = 8388608                                   {product} {ergonomic}
    uintx NonNMethodCodeHeapSize                   = 5839372                                {pd product} {ergonomic}
    uintx NonProfiledCodeHeapSize                  = 122909434                              {pd product} {ergonomic}
    uintx ProfiledCodeHeapSize                     = 122909434                              {pd product} {ergonomic}
    uintx ReservedCodeCacheSize                    = 251658240                              {pd product} {ergonomic}
     bool SegmentedCodeCache                       = true                                      {product} {ergonomic}
   size_t SoftMaxHeapSize                          = 2147483648                             {manageable} {ergonomic}
     bool UseCompressedClassPointers               = true                           {product lp64_product} {ergonomic}
     bool UseCompressedOops                        = true                           {product lp64_product} {ergonomic}
     bool UseG1GC                                  = true                                      {product} {ergonomic}
     bool UseLargePagesIndividualAllocation        = false                                  {pd product} {ergonomic}

Logging:
Log output configuration:
 #0: stdout all=warning uptime,level,tags
 #1: stderr all=off uptime,level,tags

Environment Variables:
JAVA_HOME=C:\Program Files\Microsoft\jdk-17.0.10.7-hotspot\
CLASSPATH=C:\Users\panka\OneDrive\Desktop\podify react native\PodifyPlayer\android\\gradle\wrapper\gradle-wrapper.jar
PATH=C:\Users\panka\OneDrive\Desktop\podify react native\PodifyPlayer\android\node_modules\.bin;C:\Users\panka\OneDrive\Desktop\podify react native\PodifyPlayer\node_modules\.bin;C:\Users\panka\OneDrive\Desktop\podify react native\node_modules\.bin;C:\Users\panka\OneDrive\Desktop\node_modules\.bin;C:\Users\panka\OneDrive\node_modules\.bin;C:\Users\panka\node_modules\.bin;C:\Users\node_modules\.bin;C:\node_modules\.bin;C:\Program Files\nodejs;C:\Users\panka\OneDrive\Desktop\podify react native\PodifyPlayer\node_modules\.bin;C:\Users\panka\OneDrive\Desktop\podify react native\PodifyPlayer\node_modules\.bin;C:\Users\panka\OneDrive\Desktop\podify react native\node_modules\.bin;C:\Users\panka\OneDrive\Desktop\node_modules\.bin;C:\Users\panka\OneDrive\node_modules\.bin;C:\Users\panka\node_modules\.bin;C:\Users\node_modules\.bin;C:\node_modules\.bin;C:\Program Files\nodejs\node_modules\npm\node_modules\@npmcli\run-script\lib\node-gyp-bin;C:\Users\panka\OneDrive\Desktop\podify react native\PodifyPlayer\node_modules\.bin;C:\Users\panka\OneDrive\Desktop\podify react native\node_modules\.bin;C:\Users\panka\OneDrive\Desktop\node_modules\.bin;C:\Users\panka\OneDrive\node_modules\.bin;C:\Users\panka\node_modules\.bin;C:\Users\node_modules\.bin;C:\node_modules\.bin;C:\Program Files\nodejs;C:\Users\panka\OneDrive\Desktop\podify react native\PodifyPlayer\node_modules\.bin;C:\Users\panka\OneDrive\Desktop\podify react native\node_modules\.bin;C:\Users\panka\OneDrive\Desktop\node_modules\.bin;C:\Users\panka\OneDrive\node_modules\.bin;C:\Users\panka\node_modules\.bin;C:\Users\node_modules\.bin;C:\node_modules\.bin;C:\Program Files\nodejs\node_modules\npm\node_modules\@npmcli\run-script\lib\node-gyp-bin;C:\Python312\Scripts\;C:\Python312\;C:\Program Files\Microsoft\jdk-17.0.10.7-hotspot\bin;C:\Program Files\OpenLogic\jdk-17.0.10.7-hotspot\bin;C:\Program Files\OpenLogic\jdk-11.0.22.7-hotspot\bin;C:\Windows\system32;C:\Windows;C:\Windows\System32\Wbem;C:\Windows\System32\WindowsPowerShell\v1.
USERNAME=panka
LANG=en_US.UTF-8
OS=Windows_NT
PROCESSOR_IDENTIFIER=AMD64 Family 23 Model 104 Stepping 1, AuthenticAMD
TMP=C:\Users\panka\AppData\Local\Temp
TEMP=C:\Users\panka\AppData\Local\Temp



Periodic native trim disabled


---------------  S Y S T E M  ---------------

OS:
 Windows 11 , 64 bit Build 22621 (10.0.22621.3672)
OS uptime: 1 days 18:00 hours

CPU: total 12 (initial active 12) (12 cores per cpu, 2 threads per core) family 23 model 104 stepping 1 microcode 0x0, cx8, cmov, fxsr, ht, mmx, 3dnowpref, sse, sse2, sse3, ssse3, sse4a, sse4.1, sse4.2, popcnt, lzcnt, tsc, tscinvbit, avx, avx2, aes, clmul, bmi1, bmi2, adx, sha, fma, vzeroupper, clflush, clflushopt
Processor Information for all 12 processors :
  Max Mhz: 2100, Current Mhz: 2100, Mhz Limit: 2100

Memory: 4k page, system-wide physical 5989M (11M free)
TotalPageFile size 24421M (AvailPageFile size 12M)
current process WorkingSet (physical memory assigned to process): 27M, peak: 57M
current process commit charge ("private bytes"): 216M, peak: 216M

vm_info: OpenJDK 64-Bit Server VM (17.0.10+7-LTS) for windows-amd64 JRE (17.0.10+7-LTS), built on Jan 10 2024 19:47:12 by "MicrosoftCorporation" with MS VC++ 16.10 / 16.11 (VS2019)

END.
